<?xml version="1.0" encoding="UTF-8"?>
<!-- Generated by org.testng.reporters.JUnitReportReporter -->
<testsuite hostname="Dell-Laptop-2nd-Floor-room2" failures="0" tests="5" name="runner.Runner" time="43.458" errors="0" timestamp="2024-07-22T18:00:02 IST" skipped="0">
  <testcase classname="runner.Runner" name="runScenario" time="8.198"/>
  <system-out/>
  <testcase classname="runner.Runner" name="runScenario" time="7.820"/>
  <system-out/>
  <testcase classname="runner.Runner" name="runScenario" time="9.207"/>
  <system-out/>
  <testcase classname="runner.Runner" name="runScenario" time="7.347"/>
  <system-out/>
  <testcase classname="runner.Runner" name="runScenario" time="10.886"/>
  <system-out/>
</testsuite> <!-- runner.Runner -->
